<?xml version="1.0" encoding="UTF-8"?>
<testsuite xmlns:xsi="http://www.w3.org/2001/XMLSchema-instance" xsi:noNamespaceSchemaLocation="https://maven.apache.org/surefire/maven-surefire-plugin/xsd/surefire-test-report-3.0.xsd" version="3.0" name="org.acme.quickstart.GreetingResourceTest" time="3.79" tests="1" errors="0" skipped="0" failures="0">
  <properties>
    <property name="sun.desktop" value="windows"/>
    <property name="awt.toolkit" value="sun.awt.windows.WToolkit"/>
    <property name="java.specification.version" value="11"/>
    <property name="sun.cpu.isalist" value="amd64"/>
    <property name="test.url" value="http://0.0.0.0:8081"/>
    <property name="sun.jnu.encoding" value="Cp1252"/>
    <property name="java.class.path" value="C:\Users\Samuel\Documents\Proyectos\risk-seekers-hackaton\quarkus\getting-started\target\test-classes;C:\Users\Samuel\Documents\Proyectos\risk-seekers-hackaton\quarkus\getting-started\target\classes;C:\Users\Samuel\.m2\repository\io\quarkus\quarkus-resteasy\1.9.2.Final\quarkus-resteasy-1.9.2.Final.jar;C:\Users\Samuel\.m2\repository\io\quarkus\quarkus-vertx-http\1.9.2.Final\quarkus-vertx-http-1.9.2.Final.jar;C:\Users\Samuel\.m2\repository\io\quarkus\quarkus-security-runtime-spi\1.9.2.Final\quarkus-security-runtime-spi-1.9.2.Final.jar;C:\Users\Samuel\.m2\repository\io\quarkus\quarkus-development-mode-spi\1.9.2.Final\quarkus-development-mode-spi-1.9.2.Final.jar;C:\Users\Samuel\.m2\repository\io\quarkus\security\quarkus-security\1.1.3.Final\quarkus-security-1.1.3.Final.jar;C:\Users\Samuel\.m2\repository\io\smallrye\reactive\mutiny\0.9.0\mutiny-0.9.0.jar;C:\Users\Samuel\.m2\repository\org\reactivestreams\reactive-streams\1.0.3\reactive-streams-1.0.3.jar;C:\Users\Samuel\.m2\repository\io\quarkus\quarkus-vertx-core\1.9.2.Final\quarkus-vertx-core-1.9.2.Final.jar;C:\Users\Samuel\.m2\repository\io\quarkus\quarkus-netty\1.9.2.Final\quarkus-netty-1.9.2.Final.jar;C:\Users\Samuel\.m2\repository\io\netty\netty-codec\4.1.49.Final\netty-codec-4.1.49.Final.jar;C:\Users\Samuel\.m2\repository\io\netty\netty-handler\4.1.49.Final\netty-handler-4.1.49.Final.jar;C:\Users\Samuel\.m2\repository\io\vertx\vertx-core\3.9.4\vertx-core-3.9.4.jar;C:\Users\Samuel\.m2\repository\io\netty\netty-common\4.1.49.Final\netty-common-4.1.49.Final.jar;C:\Users\Samuel\.m2\repository\io\netty\netty-buffer\4.1.49.Final\netty-buffer-4.1.49.Final.jar;C:\Users\Samuel\.m2\repository\io\netty\netty-transport\4.1.49.Final\netty-transport-4.1.49.Final.jar;C:\Users\Samuel\.m2\repository\io\netty\netty-handler-proxy\4.1.49.Final\netty-handler-proxy-4.1.49.Final.jar;C:\Users\Samuel\.m2\repository\io\netty\netty-codec-socks\4.1.49.Final\netty-codec-socks-4.1.49.Final.jar;C:\Users\Samuel\.m2\repository\io\netty\netty-codec-http\4.1.49.Final\netty-codec-http-4.1.49.Final.jar;C:\Users\Samuel\.m2\repository\io\netty\netty-codec-http2\4.1.49.Final\netty-codec-http2-4.1.49.Final.jar;C:\Users\Samuel\.m2\repository\io\netty\netty-resolver\4.1.49.Final\netty-resolver-4.1.49.Final.jar;C:\Users\Samuel\.m2\repository\io\netty\netty-resolver-dns\4.1.49.Final\netty-resolver-dns-4.1.49.Final.jar;C:\Users\Samuel\.m2\repository\io\netty\netty-codec-dns\4.1.49.Final\netty-codec-dns-4.1.49.Final.jar;C:\Users\Samuel\.m2\repository\com\fasterxml\jackson\core\jackson-core\2.11.3\jackson-core-2.11.3.jar;C:\Users\Samuel\.m2\repository\io\vertx\vertx-web\3.9.4\vertx-web-3.9.4.jar;C:\Users\Samuel\.m2\repository\io\vertx\vertx-web-common\3.9.4\vertx-web-common-3.9.4.jar;C:\Users\Samuel\.m2\repository\io\vertx\vertx-auth-common\3.9.4\vertx-auth-common-3.9.4.jar;C:\Users\Samuel\.m2\repository\io\vertx\vertx-bridge-common\3.9.4\vertx-bridge-common-3.9.4.jar;C:\Users\Samuel\.m2\repository\io\quarkus\quarkus-resteasy-server-common\1.9.2.Final\quarkus-resteasy-server-common-1.9.2.Final.jar;C:\Users\Samuel\.m2\repository\io\quarkus\quarkus-arc\1.9.2.Final\quarkus-arc-1.9.2.Final.jar;C:\Users\Samuel\.m2\repository\io\quarkus\arc\arc\1.9.2.Final\arc-1.9.2.Final.jar;C:\Users\Samuel\.m2\repository\jakarta\transaction\jakarta.transaction-api\1.3.3\jakarta.transaction-api-1.3.3.jar;C:\Users\Samuel\.m2\repository\org\eclipse\microprofile\context-propagation\microprofile-context-propagation-api\1.0.1\microprofile-context-propagation-api-1.0.1.jar;C:\Users\Samuel\.m2\repository\io\quarkus\quarkus-resteasy-common\1.9.2.Final\quarkus-resteasy-common-1.9.2.Final.jar;C:\Users\Samuel\.m2\repository\org\jboss\resteasy\resteasy-core\4.5.8.Final\resteasy-core-4.5.8.Final.jar;C:\Users\Samuel\.m2\repository\org\jboss\spec\javax\ws\rs\jboss-jaxrs-api_2.1_spec\2.0.1.Final\jboss-jaxrs-api_2.1_spec-2.0.1.Final.jar;C:\Users\Samuel\.m2\repository\org\jboss\spec\javax\xml\bind\jboss-jaxb-api_2.3_spec\2.0.0.Final\jboss-jaxb-api_2.3_spec-2.0.0.Final.jar;C:\Users\Samuel\.m2\repository\org\jboss\resteasy\resteasy-core-spi\4.5.8.Final\resteasy-core-spi-4.5.8.Final.jar;C:\Users\Samuel\.m2\repository\com\ibm\async\asyncutil\0.1.0\asyncutil-0.1.0.jar;C:\Users\Samuel\.m2\repository\org\eclipse\microprofile\config\microprofile-config-api\1.4\microprofile-config-api-1.4.jar;C:\Users\Samuel\.m2\repository\com\sun\activation\jakarta.activation\1.2.1\jakarta.activation-1.2.1.jar;C:\Users\Samuel\.m2\repository\jakarta\validation\jakarta.validation-api\2.0.2\jakarta.validation-api-2.0.2.jar;C:\Users\Samuel\.m2\repository\io\quarkus\quarkus-junit5\1.9.2.Final\quarkus-junit5-1.9.2.Final.jar;C:\Users\Samuel\.m2\repository\io\quarkus\quarkus-bootstrap-core\1.9.2.Final\quarkus-bootstrap-core-1.9.2.Final.jar;C:\Users\Samuel\.m2\repository\io\quarkus\quarkus-bootstrap-app-model\1.9.2.Final\quarkus-bootstrap-app-model-1.9.2.Final.jar;C:\Users\Samuel\.m2\repository\io\quarkus\quarkus-bootstrap-maven-resolver\1.9.2.Final\quarkus-bootstrap-maven-resolver-1.9.2.Final.jar;C:\Users\Samuel\.m2\repository\org\apache\maven\maven-embedder\3.6.3\maven-embedder-3.6.3.jar;C:\Users\Samuel\.m2\repository\org\apache\maven\maven-settings\3.6.3\maven-settings-3.6.3.jar;C:\Users\Samuel\.m2\repository\org\apache\maven\maven-core\3.6.3\maven-core-3.6.3.jar;C:\Users\Samuel\.m2\repository\org\apache\maven\maven-artifact\3.6.3\maven-artifact-3.6.3.jar;C:\Users\Samuel\.m2\repository\org\codehaus\plexus\plexus-component-annotations\2.1.0\plexus-component-annotations-2.1.0.jar;C:\Users\Samuel\.m2\repository\org\apache\maven\maven-plugin-api\3.6.3\maven-plugin-api-3.6.3.jar;C:\Users\Samuel\.m2\repository\org\apache\maven\maven-model\3.6.3\maven-model-3.6.3.jar;C:\Users\Samuel\.m2\repository\org\apache\maven\maven-model-builder\3.6.3\maven-model-builder-3.6.3.jar;C:\Users\Samuel\.m2\repository\org\apache\maven\maven-builder-support\3.6.3\maven-builder-support-3.6.3.jar;C:\Users\Samuel\.m2\repository\org\apache\maven\resolver\maven-resolver-api\1.4.1\maven-resolver-api-1.4.1.jar;C:\Users\Samuel\.m2\repository\org\apache\maven\resolver\maven-resolver-util\1.4.1\maven-resolver-util-1.4.1.jar;C:\Users\Samuel\.m2\repository\org\apache\maven\shared\maven-shared-utils\3.2.1\maven-shared-utils-3.2.1.jar;C:\Users\Samuel\.m2\repository\commons-io\commons-io\2.8.0\commons-io-2.8.0.jar;C:\Users\Samuel\.m2\repository\com\google\inject\guice\4.2.1\guice-4.2.1-no_aop.jar;C:\Users\Samuel\.m2\repository\com\google\guava\guava\29.0-jre\guava-29.0-jre.jar;C:\Users\Samuel\.m2\repository\com\google\guava\failureaccess\1.0.1\failureaccess-1.0.1.jar;C:\Users\Samuel\.m2\repository\com\google\guava\listenablefuture\9999.0-empty-to-avoid-conflict-with-guava\listenablefuture-9999.0-empty-to-avoid-conflict-with-guava.jar;C:\Users\Samuel\.m2\repository\org\codehaus\plexus\plexus-utils\3.2.1\plexus-utils-3.2.1.jar;C:\Users\Samuel\.m2\repository\org\codehaus\plexus\plexus-classworlds\2.5.2\plexus-classworlds-2.5.2.jar;C:\Users\Samuel\.m2\repository\commons-cli\commons-cli\1.4\commons-cli-1.4.jar;C:\Users\Samuel\.m2\repository\org\eclipse\sisu\org.eclipse.sisu.plexus\0.3.4\org.eclipse.sisu.plexus-0.3.4.jar;C:\Users\Samuel\.m2\repository\org\apache\maven\maven-settings-builder\3.6.3\maven-settings-builder-3.6.3.jar;C:\Users\Samuel\.m2\repository\org\codehaus\plexus\plexus-interpolation\1.25\plexus-interpolation-1.25.jar;C:\Users\Samuel\.m2\repository\org\sonatype\plexus\plexus-sec-dispatcher\1.4\plexus-sec-dispatcher-1.4.jar;C:\Users\Samuel\.m2\repository\org\sonatype\plexus\plexus-cipher\1.4\plexus-cipher-1.4.jar;C:\Users\Samuel\.m2\repository\org\apache\maven\maven-resolver-provider\3.6.3\maven-resolver-provider-3.6.3.jar;C:\Users\Samuel\.m2\repository\org\apache\maven\maven-repository-metadata\3.6.3\maven-repository-metadata-3.6.3.jar;C:\Users\Samuel\.m2\repository\org\apache\maven\resolver\maven-resolver-spi\1.4.1\maven-resolver-spi-1.4.1.jar;C:\Users\Samuel\.m2\repository\org\apache\maven\resolver\maven-resolver-impl\1.4.1\maven-resolver-impl-1.4.1.jar;C:\Users\Samuel\.m2\repository\org\apache\maven\resolver\maven-resolver-connector-basic\1.4.1\maven-resolver-connector-basic-1.4.1.jar;C:\Users\Samuel\.m2\repository\org\apache\maven\resolver\maven-resolver-transport-wagon\1.4.1\maven-resolver-transport-wagon-1.4.1.jar;C:\Users\Samuel\.m2\repository\org\apache\maven\wagon\wagon-http\3.3.4\wagon-http-3.3.4.jar;C:\Users\Samuel\.m2\repository\org\apache\maven\wagon\wagon-http-shared\3.3.4\wagon-http-shared-3.3.4.jar;C:\Users\Samuel\.m2\repository\org\jsoup\jsoup\1.12.1\jsoup-1.12.1.jar;C:\Users\Samuel\.m2\repository\org\apache\maven\wagon\wagon-provider-api\3.3.4\wagon-provider-api-3.3.4.jar;C:\Users\Samuel\.m2\repository\org\apache\maven\wagon\wagon-file\3.3.4\wagon-file-3.3.4.jar;C:\Users\Samuel\.m2\repository\io\quarkus\quarkus-bootstrap-gradle-resolver\1.9.2.Final\quarkus-bootstrap-gradle-resolver-1.9.2.Final.jar;C:\Users\Samuel\.m2\repository\io\smallrye\common\smallrye-common-io\1.4.0\smallrye-common-io-1.4.0.jar;C:\Users\Samuel\.m2\repository\org\eclipse\sisu\org.eclipse.sisu.inject\0.3.4\org.eclipse.sisu.inject-0.3.4.jar;C:\Users\Samuel\.m2\repository\io\quarkus\quarkus-test-common\1.9.2.Final\quarkus-test-common-1.9.2.Final.jar;C:\Users\Samuel\.m2\repository\io\quarkus\quarkus-core-deployment\1.9.2.Final\quarkus-core-deployment-1.9.2.Final.jar;C:\Users\Samuel\.m2\repository\io\quarkus\gizmo\gizmo\1.0.4.Final\gizmo-1.0.4.Final.jar;C:\Users\Samuel\.m2\repository\org\ow2\asm\asm-util\8.0.1\asm-util-8.0.1.jar;C:\Users\Samuel\.m2\repository\org\ow2\asm\asm-tree\8.0.1\asm-tree-8.0.1.jar;C:\Users\Samuel\.m2\repository\org\ow2\asm\asm-analysis\8.0.1\asm-analysis-8.0.1.jar;C:\Users\Samuel\.m2\repository\org\ow2\asm\asm\8.0.1\asm-8.0.1.jar;C:\Users\Samuel\.m2\repository\io\quarkus\quarkus-devtools-utilities\1.9.2.Final\quarkus-devtools-utilities-1.9.2.Final.jar;C:\Users\Samuel\.m2\repository\io\quarkus\quarkus-builder\1.9.2.Final\quarkus-builder-1.9.2.Final.jar;C:\Users\Samuel\.m2\repository\io\quarkus\quarkus-jsonp-deployment\1.9.2.Final\quarkus-jsonp-deployment-1.9.2.Final.jar;C:\Users\Samuel\.m2\repository\io\quarkus\quarkus-jsonp\1.9.2.Final\quarkus-jsonp-1.9.2.Final.jar;C:\Users\Samuel\.m2\repository\org\glassfish\jakarta.json\1.1.6\jakarta.json-1.1.6.jar;C:\Users\Samuel\.m2\repository\org\jboss\jandex\2.2.1.Final\jandex-2.2.1.Final.jar;C:\Users\Samuel\.m2\repository\org\jboss\logging\commons-logging-jboss-logging\1.0.0.Final\commons-logging-jboss-logging-1.0.0.Final.jar;C:\Users\Samuel\.m2\repository\org\junit\jupiter\junit-jupiter\5.7.0\junit-jupiter-5.7.0.jar;C:\Users\Samuel\.m2\repository\org\junit\jupiter\junit-jupiter-api\5.7.0\junit-jupiter-api-5.7.0.jar;C:\Users\Samuel\.m2\repository\org\apiguardian\apiguardian-api\1.1.0\apiguardian-api-1.1.0.jar;C:\Users\Samuel\.m2\repository\org\opentest4j\opentest4j\1.2.0\opentest4j-1.2.0.jar;C:\Users\Samuel\.m2\repository\org\junit\platform\junit-platform-commons\1.7.0\junit-platform-commons-1.7.0.jar;C:\Users\Samuel\.m2\repository\org\junit\jupiter\junit-jupiter-params\5.7.0\junit-jupiter-params-5.7.0.jar;C:\Users\Samuel\.m2\repository\org\junit\jupiter\junit-jupiter-engine\5.7.0\junit-jupiter-engine-5.7.0.jar;C:\Users\Samuel\.m2\repository\org\junit\platform\junit-platform-engine\1.7.0\junit-platform-engine-1.7.0.jar;C:\Users\Samuel\.m2\repository\io\quarkus\quarkus-core\1.9.2.Final\quarkus-core-1.9.2.Final.jar;C:\Users\Samuel\.m2\repository\jakarta\annotation\jakarta.annotation-api\1.3.5\jakarta.annotation-api-1.3.5.jar;C:\Users\Samuel\.m2\repository\jakarta\enterprise\jakarta.enterprise.cdi-api\2.0.2\jakarta.enterprise.cdi-api-2.0.2.jar;C:\Users\Samuel\.m2\repository\jakarta\el\jakarta.el-api\3.0.3\jakarta.el-api-3.0.3.jar;C:\Users\Samuel\.m2\repository\jakarta\interceptor\jakarta.interceptor-api\1.2.5\jakarta.interceptor-api-1.2.5.jar;C:\Users\Samuel\.m2\repository\jakarta\ejb\jakarta.ejb-api\3.2.6\jakarta.ejb-api-3.2.6.jar;C:\Users\Samuel\.m2\repository\jakarta\inject\jakarta.inject-api\1.0\jakarta.inject-api-1.0.jar;C:\Users\Samuel\.m2\repository\io\quarkus\quarkus-ide-launcher\1.9.2.Final\quarkus-ide-launcher-1.9.2.Final.jar;C:\Users\Samuel\.m2\repository\io\smallrye\config\smallrye-config\1.9.3\smallrye-config-1.9.3.jar;C:\Users\Samuel\.m2\repository\io\smallrye\common\smallrye-common-annotation\1.4.0\smallrye-common-annotation-1.4.0.jar;C:\Users\Samuel\.m2\repository\io\smallrye\config\smallrye-config-common\1.9.3\smallrye-config-common-1.9.3.jar;C:\Users\Samuel\.m2\repository\io\smallrye\common\smallrye-common-expression\1.4.0\smallrye-common-expression-1.4.0.jar;C:\Users\Samuel\.m2\repository\io\smallrye\common\smallrye-common-function\1.4.0\smallrye-common-function-1.4.0.jar;C:\Users\Samuel\.m2\repository\io\smallrye\common\smallrye-common-constraint\1.4.0\smallrye-common-constraint-1.4.0.jar;C:\Users\Samuel\.m2\repository\io\smallrye\common\smallrye-common-classloader\1.4.0\smallrye-common-classloader-1.4.0.jar;C:\Users\Samuel\.m2\repository\org\jboss\logging\jboss-logging\3.4.1.Final\jboss-logging-3.4.1.Final.jar;C:\Users\Samuel\.m2\repository\org\jboss\logmanager\jboss-logmanager-embedded\1.0.6\jboss-logmanager-embedded-1.0.6.jar;C:\Users\Samuel\.m2\repository\org\jboss\logging\jboss-logging-annotations\2.1.0.Final\jboss-logging-annotations-2.1.0.Final.jar;C:\Users\Samuel\.m2\repository\org\jboss\threads\jboss-threads\3.1.1.Final\jboss-threads-3.1.1.Final.jar;C:\Users\Samuel\.m2\repository\org\slf4j\slf4j-api\1.7.30\slf4j-api-1.7.30.jar;C:\Users\Samuel\.m2\repository\org\jboss\slf4j\slf4j-jboss-logging\1.2.0.Final\slf4j-jboss-logging-1.2.0.Final.jar;C:\Users\Samuel\.m2\repository\org\graalvm\sdk\graal-sdk\20.2.0\graal-sdk-20.2.0.jar;C:\Users\Samuel\.m2\repository\org\wildfly\common\wildfly-common\1.5.4.Final-format-001\wildfly-common-1.5.4.Final-format-001.jar;C:\Users\Samuel\.m2\repository\io\quarkus\quarkus-bootstrap-runner\1.9.2.Final\quarkus-bootstrap-runner-1.9.2.Final.jar;C:\Users\Samuel\.m2\repository\com\thoughtworks\xstream\xstream\1.4.11.1\xstream-1.4.11.1.jar;C:\Users\Samuel\.m2\repository\xmlpull\xmlpull\1.1.3.1\xmlpull-1.1.3.1.jar;C:\Users\Samuel\.m2\repository\xpp3\xpp3_min\1.1.4c\xpp3_min-1.1.4c.jar;C:\Users\Samuel\.m2\repository\io\rest-assured\rest-assured\4.3.0\rest-assured-4.3.0.jar;C:\Users\Samuel\.m2\repository\org\codehaus\groovy\groovy\3.0.5\groovy-3.0.5.jar;C:\Users\Samuel\.m2\repository\org\codehaus\groovy\groovy-xml\3.0.2\groovy-xml-3.0.2.jar;C:\Users\Samuel\.m2\repository\org\apache\httpcomponents\httpclient\4.5.13\httpclient-4.5.13.jar;C:\Users\Samuel\.m2\repository\org\apache\httpcomponents\httpcore\4.4.13\httpcore-4.4.13.jar;C:\Users\Samuel\.m2\repository\commons-logging\commons-logging\1.2\commons-logging-1.2.jar;C:\Users\Samuel\.m2\repository\commons-codec\commons-codec\1.14\commons-codec-1.14.jar;C:\Users\Samuel\.m2\repository\org\apache\httpcomponents\httpmime\4.5.13\httpmime-4.5.13.jar;C:\Users\Samuel\.m2\repository\org\hamcrest\hamcrest\2.1\hamcrest-2.1.jar;C:\Users\Samuel\.m2\repository\org\ccil\cowan\tagsoup\tagsoup\1.2.1\tagsoup-1.2.1.jar;C:\Users\Samuel\.m2\repository\io\rest-assured\json-path\4.3.0\json-path-4.3.0.jar;C:\Users\Samuel\.m2\repository\org\codehaus\groovy\groovy-json\3.0.5\groovy-json-3.0.5.jar;C:\Users\Samuel\.m2\repository\io\rest-assured\rest-assured-common\4.3.0\rest-assured-common-4.3.0.jar;C:\Users\Samuel\.m2\repository\io\rest-assured\xml-path\4.3.0\xml-path-4.3.0.jar;C:\Users\Samuel\.m2\repository\org\apache\commons\commons-lang3\3.9\commons-lang3-3.9.jar;C:\Users\Samuel\.m2\repository\jakarta\xml\bind\jakarta.xml.bind-api\2.3.2\jakarta.xml.bind-api-2.3.2.jar;C:\Users\Samuel\.m2\repository\jakarta\activation\jakarta.activation-api\1.2.1\jakarta.activation-api-1.2.1.jar;C:\Users\Samuel\.m2\repository\com\sun\xml\bind\jaxb-osgi\2.3.0.1\jaxb-osgi-2.3.0.1.jar;C:\Users\Samuel\.m2\repository\org\apache\sling\org.apache.sling.javax.activation\0.1.0\org.apache.sling.javax.activation-0.1.0.jar;C:\Users\Samuel\.m2\repository\javax\activation\activation\1.1.1\activation-1.1.1.jar;C:\Users\Samuel\.m2\repository\io\quarkus\quarkus-openshift\1.9.2.Final\quarkus-openshift-1.9.2.Final.jar;C:\Users\Samuel\.m2\repository\io\quarkus\quarkus-kubernetes-client-internal\1.9.2.Final\quarkus-kubernetes-client-internal-1.9.2.Final.jar;"/>
    <property name="java.vm.vendor" value="GraalVM Community"/>
    <property name="sun.arch.data.model" value="64"/>
    <property name="user.variant" value=""/>
    <property name="java.vendor.url" value="https://www.graalvm.org/"/>
    <property name="user.timezone" value="Europe/Paris"/>
    <property name="java.vm.specification.version" value="11"/>
    <property name="os.name" value="Windows 10"/>
    <property name="sun.java.launcher" value="SUN_STANDARD"/>
    <property name="user.country" value="ES"/>
    <property name="sun.boot.library.path" value="C:\Program Files\graalvm-ce-java11-20.3.0\bin"/>
    <property name="sun.java.command" value="C:\Users\Samuel\AppData\Local\Temp\surefire2353178465324866407\surefirebooter17039709533925345721.jar C:\Users\Samuel\AppData\Local\Temp\surefire2353178465324866407 2020-11-25T17-57-39_492-jvmRun1 surefire8571195923907201022tmp surefire_012717347087478510767tmp"/>
    <property name="jdk.debug" value="release"/>
    <property name="maven.home" value="C:\Program Files\apache-maven-3.6.3\bin\.."/>
    <property name="surefire.test.class.path" value="C:\Users\Samuel\Documents\Proyectos\risk-seekers-hackaton\quarkus\getting-started\target\test-classes;C:\Users\Samuel\Documents\Proyectos\risk-seekers-hackaton\quarkus\getting-started\target\classes;C:\Users\Samuel\.m2\repository\io\quarkus\quarkus-resteasy\1.9.2.Final\quarkus-resteasy-1.9.2.Final.jar;C:\Users\Samuel\.m2\repository\io\quarkus\quarkus-vertx-http\1.9.2.Final\quarkus-vertx-http-1.9.2.Final.jar;C:\Users\Samuel\.m2\repository\io\quarkus\quarkus-security-runtime-spi\1.9.2.Final\quarkus-security-runtime-spi-1.9.2.Final.jar;C:\Users\Samuel\.m2\repository\io\quarkus\quarkus-development-mode-spi\1.9.2.Final\quarkus-development-mode-spi-1.9.2.Final.jar;C:\Users\Samuel\.m2\repository\io\quarkus\security\quarkus-security\1.1.3.Final\quarkus-security-1.1.3.Final.jar;C:\Users\Samuel\.m2\repository\io\smallrye\reactive\mutiny\0.9.0\mutiny-0.9.0.jar;C:\Users\Samuel\.m2\repository\org\reactivestreams\reactive-streams\1.0.3\reactive-streams-1.0.3.jar;C:\Users\Samuel\.m2\repository\io\quarkus\quarkus-vertx-core\1.9.2.Final\quarkus-vertx-core-1.9.2.Final.jar;C:\Users\Samuel\.m2\repository\io\quarkus\quarkus-netty\1.9.2.Final\quarkus-netty-1.9.2.Final.jar;C:\Users\Samuel\.m2\repository\io\netty\netty-codec\4.1.49.Final\netty-codec-4.1.49.Final.jar;C:\Users\Samuel\.m2\repository\io\netty\netty-handler\4.1.49.Final\netty-handler-4.1.49.Final.jar;C:\Users\Samuel\.m2\repository\io\vertx\vertx-core\3.9.4\vertx-core-3.9.4.jar;C:\Users\Samuel\.m2\repository\io\netty\netty-common\4.1.49.Final\netty-common-4.1.49.Final.jar;C:\Users\Samuel\.m2\repository\io\netty\netty-buffer\4.1.49.Final\netty-buffer-4.1.49.Final.jar;C:\Users\Samuel\.m2\repository\io\netty\netty-transport\4.1.49.Final\netty-transport-4.1.49.Final.jar;C:\Users\Samuel\.m2\repository\io\netty\netty-handler-proxy\4.1.49.Final\netty-handler-proxy-4.1.49.Final.jar;C:\Users\Samuel\.m2\repository\io\netty\netty-codec-socks\4.1.49.Final\netty-codec-socks-4.1.49.Final.jar;C:\Users\Samuel\.m2\repository\io\netty\netty-codec-http\4.1.49.Final\netty-codec-http-4.1.49.Final.jar;C:\Users\Samuel\.m2\repository\io\netty\netty-codec-http2\4.1.49.Final\netty-codec-http2-4.1.49.Final.jar;C:\Users\Samuel\.m2\repository\io\netty\netty-resolver\4.1.49.Final\netty-resolver-4.1.49.Final.jar;C:\Users\Samuel\.m2\repository\io\netty\netty-resolver-dns\4.1.49.Final\netty-resolver-dns-4.1.49.Final.jar;C:\Users\Samuel\.m2\repository\io\netty\netty-codec-dns\4.1.49.Final\netty-codec-dns-4.1.49.Final.jar;C:\Users\Samuel\.m2\repository\com\fasterxml\jackson\core\jackson-core\2.11.3\jackson-core-2.11.3.jar;C:\Users\Samuel\.m2\repository\io\vertx\vertx-web\3.9.4\vertx-web-3.9.4.jar;C:\Users\Samuel\.m2\repository\io\vertx\vertx-web-common\3.9.4\vertx-web-common-3.9.4.jar;C:\Users\Samuel\.m2\repository\io\vertx\vertx-auth-common\3.9.4\vertx-auth-common-3.9.4.jar;C:\Users\Samuel\.m2\repository\io\vertx\vertx-bridge-common\3.9.4\vertx-bridge-common-3.9.4.jar;C:\Users\Samuel\.m2\repository\io\quarkus\quarkus-resteasy-server-common\1.9.2.Final\quarkus-resteasy-server-common-1.9.2.Final.jar;C:\Users\Samuel\.m2\repository\io\quarkus\quarkus-arc\1.9.2.Final\quarkus-arc-1.9.2.Final.jar;C:\Users\Samuel\.m2\repository\io\quarkus\arc\arc\1.9.2.Final\arc-1.9.2.Final.jar;C:\Users\Samuel\.m2\repository\jakarta\transaction\jakarta.transaction-api\1.3.3\jakarta.transaction-api-1.3.3.jar;C:\Users\Samuel\.m2\repository\org\eclipse\microprofile\context-propagation\microprofile-context-propagation-api\1.0.1\microprofile-context-propagation-api-1.0.1.jar;C:\Users\Samuel\.m2\repository\io\quarkus\quarkus-resteasy-common\1.9.2.Final\quarkus-resteasy-common-1.9.2.Final.jar;C:\Users\Samuel\.m2\repository\org\jboss\resteasy\resteasy-core\4.5.8.Final\resteasy-core-4.5.8.Final.jar;C:\Users\Samuel\.m2\repository\org\jboss\spec\javax\ws\rs\jboss-jaxrs-api_2.1_spec\2.0.1.Final\jboss-jaxrs-api_2.1_spec-2.0.1.Final.jar;C:\Users\Samuel\.m2\repository\org\jboss\spec\javax\xml\bind\jboss-jaxb-api_2.3_spec\2.0.0.Final\jboss-jaxb-api_2.3_spec-2.0.0.Final.jar;C:\Users\Samuel\.m2\repository\org\jboss\resteasy\resteasy-core-spi\4.5.8.Final\resteasy-core-spi-4.5.8.Final.jar;C:\Users\Samuel\.m2\repository\com\ibm\async\asyncutil\0.1.0\asyncutil-0.1.0.jar;C:\Users\Samuel\.m2\repository\org\eclipse\microprofile\config\microprofile-config-api\1.4\microprofile-config-api-1.4.jar;C:\Users\Samuel\.m2\repository\com\sun\activation\jakarta.activation\1.2.1\jakarta.activation-1.2.1.jar;C:\Users\Samuel\.m2\repository\jakarta\validation\jakarta.validation-api\2.0.2\jakarta.validation-api-2.0.2.jar;C:\Users\Samuel\.m2\repository\io\quarkus\quarkus-junit5\1.9.2.Final\quarkus-junit5-1.9.2.Final.jar;C:\Users\Samuel\.m2\repository\io\quarkus\quarkus-bootstrap-core\1.9.2.Final\quarkus-bootstrap-core-1.9.2.Final.jar;C:\Users\Samuel\.m2\repository\io\quarkus\quarkus-bootstrap-app-model\1.9.2.Final\quarkus-bootstrap-app-model-1.9.2.Final.jar;C:\Users\Samuel\.m2\repository\io\quarkus\quarkus-bootstrap-maven-resolver\1.9.2.Final\quarkus-bootstrap-maven-resolver-1.9.2.Final.jar;C:\Users\Samuel\.m2\repository\org\apache\maven\maven-embedder\3.6.3\maven-embedder-3.6.3.jar;C:\Users\Samuel\.m2\repository\org\apache\maven\maven-settings\3.6.3\maven-settings-3.6.3.jar;C:\Users\Samuel\.m2\repository\org\apache\maven\maven-core\3.6.3\maven-core-3.6.3.jar;C:\Users\Samuel\.m2\repository\org\apache\maven\maven-artifact\3.6.3\maven-artifact-3.6.3.jar;C:\Users\Samuel\.m2\repository\org\codehaus\plexus\plexus-component-annotations\2.1.0\plexus-component-annotations-2.1.0.jar;C:\Users\Samuel\.m2\repository\org\apache\maven\maven-plugin-api\3.6.3\maven-plugin-api-3.6.3.jar;C:\Users\Samuel\.m2\repository\org\apache\maven\maven-model\3.6.3\maven-model-3.6.3.jar;C:\Users\Samuel\.m2\repository\org\apache\maven\maven-model-builder\3.6.3\maven-model-builder-3.6.3.jar;C:\Users\Samuel\.m2\repository\org\apache\maven\maven-builder-support\3.6.3\maven-builder-support-3.6.3.jar;C:\Users\Samuel\.m2\repository\org\apache\maven\resolver\maven-resolver-api\1.4.1\maven-resolver-api-1.4.1.jar;C:\Users\Samuel\.m2\repository\org\apache\maven\resolver\maven-resolver-util\1.4.1\maven-resolver-util-1.4.1.jar;C:\Users\Samuel\.m2\repository\org\apache\maven\shared\maven-shared-utils\3.2.1\maven-shared-utils-3.2.1.jar;C:\Users\Samuel\.m2\repository\commons-io\commons-io\2.8.0\commons-io-2.8.0.jar;C:\Users\Samuel\.m2\repository\com\google\inject\guice\4.2.1\guice-4.2.1-no_aop.jar;C:\Users\Samuel\.m2\repository\com\google\guava\guava\29.0-jre\guava-29.0-jre.jar;C:\Users\Samuel\.m2\repository\com\google\guava\failureaccess\1.0.1\failureaccess-1.0.1.jar;C:\Users\Samuel\.m2\repository\com\google\guava\listenablefuture\9999.0-empty-to-avoid-conflict-with-guava\listenablefuture-9999.0-empty-to-avoid-conflict-with-guava.jar;C:\Users\Samuel\.m2\repository\org\codehaus\plexus\plexus-utils\3.2.1\plexus-utils-3.2.1.jar;C:\Users\Samuel\.m2\repository\org\codehaus\plexus\plexus-classworlds\2.5.2\plexus-classworlds-2.5.2.jar;C:\Users\Samuel\.m2\repository\commons-cli\commons-cli\1.4\commons-cli-1.4.jar;C:\Users\Samuel\.m2\repository\org\eclipse\sisu\org.eclipse.sisu.plexus\0.3.4\org.eclipse.sisu.plexus-0.3.4.jar;C:\Users\Samuel\.m2\repository\org\apache\maven\maven-settings-builder\3.6.3\maven-settings-builder-3.6.3.jar;C:\Users\Samuel\.m2\repository\org\codehaus\plexus\plexus-interpolation\1.25\plexus-interpolation-1.25.jar;C:\Users\Samuel\.m2\repository\org\sonatype\plexus\plexus-sec-dispatcher\1.4\plexus-sec-dispatcher-1.4.jar;C:\Users\Samuel\.m2\repository\org\sonatype\plexus\plexus-cipher\1.4\plexus-cipher-1.4.jar;C:\Users\Samuel\.m2\repository\org\apache\maven\maven-resolver-provider\3.6.3\maven-resolver-provider-3.6.3.jar;C:\Users\Samuel\.m2\repository\org\apache\maven\maven-repository-metadata\3.6.3\maven-repository-metadata-3.6.3.jar;C:\Users\Samuel\.m2\repository\org\apache\maven\resolver\maven-resolver-spi\1.4.1\maven-resolver-spi-1.4.1.jar;C:\Users\Samuel\.m2\repository\org\apache\maven\resolver\maven-resolver-impl\1.4.1\maven-resolver-impl-1.4.1.jar;C:\Users\Samuel\.m2\repository\org\apache\maven\resolver\maven-resolver-connector-basic\1.4.1\maven-resolver-connector-basic-1.4.1.jar;C:\Users\Samuel\.m2\repository\org\apache\maven\resolver\maven-resolver-transport-wagon\1.4.1\maven-resolver-transport-wagon-1.4.1.jar;C:\Users\Samuel\.m2\repository\org\apache\maven\wagon\wagon-http\3.3.4\wagon-http-3.3.4.jar;C:\Users\Samuel\.m2\repository\org\apache\maven\wagon\wagon-http-shared\3.3.4\wagon-http-shared-3.3.4.jar;C:\Users\Samuel\.m2\repository\org\jsoup\jsoup\1.12.1\jsoup-1.12.1.jar;C:\Users\Samuel\.m2\repository\org\apache\maven\wagon\wagon-provider-api\3.3.4\wagon-provider-api-3.3.4.jar;C:\Users\Samuel\.m2\repository\org\apache\maven\wagon\wagon-file\3.3.4\wagon-file-3.3.4.jar;C:\Users\Samuel\.m2\repository\io\quarkus\quarkus-bootstrap-gradle-resolver\1.9.2.Final\quarkus-bootstrap-gradle-resolver-1.9.2.Final.jar;C:\Users\Samuel\.m2\repository\io\smallrye\common\smallrye-common-io\1.4.0\smallrye-common-io-1.4.0.jar;C:\Users\Samuel\.m2\repository\org\eclipse\sisu\org.eclipse.sisu.inject\0.3.4\org.eclipse.sisu.inject-0.3.4.jar;C:\Users\Samuel\.m2\repository\io\quarkus\quarkus-test-common\1.9.2.Final\quarkus-test-common-1.9.2.Final.jar;C:\Users\Samuel\.m2\repository\io\quarkus\quarkus-core-deployment\1.9.2.Final\quarkus-core-deployment-1.9.2.Final.jar;C:\Users\Samuel\.m2\repository\io\quarkus\gizmo\gizmo\1.0.4.Final\gizmo-1.0.4.Final.jar;C:\Users\Samuel\.m2\repository\org\ow2\asm\asm-util\8.0.1\asm-util-8.0.1.jar;C:\Users\Samuel\.m2\repository\org\ow2\asm\asm-tree\8.0.1\asm-tree-8.0.1.jar;C:\Users\Samuel\.m2\repository\org\ow2\asm\asm-analysis\8.0.1\asm-analysis-8.0.1.jar;C:\Users\Samuel\.m2\repository\org\ow2\asm\asm\8.0.1\asm-8.0.1.jar;C:\Users\Samuel\.m2\repository\io\quarkus\quarkus-devtools-utilities\1.9.2.Final\quarkus-devtools-utilities-1.9.2.Final.jar;C:\Users\Samuel\.m2\repository\io\quarkus\quarkus-builder\1.9.2.Final\quarkus-builder-1.9.2.Final.jar;C:\Users\Samuel\.m2\repository\io\quarkus\quarkus-jsonp-deployment\1.9.2.Final\quarkus-jsonp-deployment-1.9.2.Final.jar;C:\Users\Samuel\.m2\repository\io\quarkus\quarkus-jsonp\1.9.2.Final\quarkus-jsonp-1.9.2.Final.jar;C:\Users\Samuel\.m2\repository\org\glassfish\jakarta.json\1.1.6\jakarta.json-1.1.6.jar;C:\Users\Samuel\.m2\repository\org\jboss\jandex\2.2.1.Final\jandex-2.2.1.Final.jar;C:\Users\Samuel\.m2\repository\org\jboss\logging\commons-logging-jboss-logging\1.0.0.Final\commons-logging-jboss-logging-1.0.0.Final.jar;C:\Users\Samuel\.m2\repository\org\junit\jupiter\junit-jupiter\5.7.0\junit-jupiter-5.7.0.jar;C:\Users\Samuel\.m2\repository\org\junit\jupiter\junit-jupiter-api\5.7.0\junit-jupiter-api-5.7.0.jar;C:\Users\Samuel\.m2\repository\org\apiguardian\apiguardian-api\1.1.0\apiguardian-api-1.1.0.jar;C:\Users\Samuel\.m2\repository\org\opentest4j\opentest4j\1.2.0\opentest4j-1.2.0.jar;C:\Users\Samuel\.m2\repository\org\junit\platform\junit-platform-commons\1.7.0\junit-platform-commons-1.7.0.jar;C:\Users\Samuel\.m2\repository\org\junit\jupiter\junit-jupiter-params\5.7.0\junit-jupiter-params-5.7.0.jar;C:\Users\Samuel\.m2\repository\org\junit\jupiter\junit-jupiter-engine\5.7.0\junit-jupiter-engine-5.7.0.jar;C:\Users\Samuel\.m2\repository\org\junit\platform\junit-platform-engine\1.7.0\junit-platform-engine-1.7.0.jar;C:\Users\Samuel\.m2\repository\io\quarkus\quarkus-core\1.9.2.Final\quarkus-core-1.9.2.Final.jar;C:\Users\Samuel\.m2\repository\jakarta\annotation\jakarta.annotation-api\1.3.5\jakarta.annotation-api-1.3.5.jar;C:\Users\Samuel\.m2\repository\jakarta\enterprise\jakarta.enterprise.cdi-api\2.0.2\jakarta.enterprise.cdi-api-2.0.2.jar;C:\Users\Samuel\.m2\repository\jakarta\el\jakarta.el-api\3.0.3\jakarta.el-api-3.0.3.jar;C:\Users\Samuel\.m2\repository\jakarta\interceptor\jakarta.interceptor-api\1.2.5\jakarta.interceptor-api-1.2.5.jar;C:\Users\Samuel\.m2\repository\jakarta\ejb\jakarta.ejb-api\3.2.6\jakarta.ejb-api-3.2.6.jar;C:\Users\Samuel\.m2\repository\jakarta\inject\jakarta.inject-api\1.0\jakarta.inject-api-1.0.jar;C:\Users\Samuel\.m2\repository\io\quarkus\quarkus-ide-launcher\1.9.2.Final\quarkus-ide-launcher-1.9.2.Final.jar;C:\Users\Samuel\.m2\repository\io\smallrye\config\smallrye-config\1.9.3\smallrye-config-1.9.3.jar;C:\Users\Samuel\.m2\repository\io\smallrye\common\smallrye-common-annotation\1.4.0\smallrye-common-annotation-1.4.0.jar;C:\Users\Samuel\.m2\repository\io\smallrye\config\smallrye-config-common\1.9.3\smallrye-config-common-1.9.3.jar;C:\Users\Samuel\.m2\repository\io\smallrye\common\smallrye-common-expression\1.4.0\smallrye-common-expression-1.4.0.jar;C:\Users\Samuel\.m2\repository\io\smallrye\common\smallrye-common-function\1.4.0\smallrye-common-function-1.4.0.jar;C:\Users\Samuel\.m2\repository\io\smallrye\common\smallrye-common-constraint\1.4.0\smallrye-common-constraint-1.4.0.jar;C:\Users\Samuel\.m2\repository\io\smallrye\common\smallrye-common-classloader\1.4.0\smallrye-common-classloader-1.4.0.jar;C:\Users\Samuel\.m2\repository\org\jboss\logging\jboss-logging\3.4.1.Final\jboss-logging-3.4.1.Final.jar;C:\Users\Samuel\.m2\repository\org\jboss\logmanager\jboss-logmanager-embedded\1.0.6\jboss-logmanager-embedded-1.0.6.jar;C:\Users\Samuel\.m2\repository\org\jboss\logging\jboss-logging-annotations\2.1.0.Final\jboss-logging-annotations-2.1.0.Final.jar;C:\Users\Samuel\.m2\repository\org\jboss\threads\jboss-threads\3.1.1.Final\jboss-threads-3.1.1.Final.jar;C:\Users\Samuel\.m2\repository\org\slf4j\slf4j-api\1.7.30\slf4j-api-1.7.30.jar;C:\Users\Samuel\.m2\repository\org\jboss\slf4j\slf4j-jboss-logging\1.2.0.Final\slf4j-jboss-logging-1.2.0.Final.jar;C:\Users\Samuel\.m2\repository\org\graalvm\sdk\graal-sdk\20.2.0\graal-sdk-20.2.0.jar;C:\Users\Samuel\.m2\repository\org\wildfly\common\wildfly-common\1.5.4.Final-format-001\wildfly-common-1.5.4.Final-format-001.jar;C:\Users\Samuel\.m2\repository\io\quarkus\quarkus-bootstrap-runner\1.9.2.Final\quarkus-bootstrap-runner-1.9.2.Final.jar;C:\Users\Samuel\.m2\repository\com\thoughtworks\xstream\xstream\1.4.11.1\xstream-1.4.11.1.jar;C:\Users\Samuel\.m2\repository\xmlpull\xmlpull\1.1.3.1\xmlpull-1.1.3.1.jar;C:\Users\Samuel\.m2\repository\xpp3\xpp3_min\1.1.4c\xpp3_min-1.1.4c.jar;C:\Users\Samuel\.m2\repository\io\rest-assured\rest-assured\4.3.0\rest-assured-4.3.0.jar;C:\Users\Samuel\.m2\repository\org\codehaus\groovy\groovy\3.0.5\groovy-3.0.5.jar;C:\Users\Samuel\.m2\repository\org\codehaus\groovy\groovy-xml\3.0.2\groovy-xml-3.0.2.jar;C:\Users\Samuel\.m2\repository\org\apache\httpcomponents\httpclient\4.5.13\httpclient-4.5.13.jar;C:\Users\Samuel\.m2\repository\org\apache\httpcomponents\httpcore\4.4.13\httpcore-4.4.13.jar;C:\Users\Samuel\.m2\repository\commons-logging\commons-logging\1.2\commons-logging-1.2.jar;C:\Users\Samuel\.m2\repository\commons-codec\commons-codec\1.14\commons-codec-1.14.jar;C:\Users\Samuel\.m2\repository\org\apache\httpcomponents\httpmime\4.5.13\httpmime-4.5.13.jar;C:\Users\Samuel\.m2\repository\org\hamcrest\hamcrest\2.1\hamcrest-2.1.jar;C:\Users\Samuel\.m2\repository\org\ccil\cowan\tagsoup\tagsoup\1.2.1\tagsoup-1.2.1.jar;C:\Users\Samuel\.m2\repository\io\rest-assured\json-path\4.3.0\json-path-4.3.0.jar;C:\Users\Samuel\.m2\repository\org\codehaus\groovy\groovy-json\3.0.5\groovy-json-3.0.5.jar;C:\Users\Samuel\.m2\repository\io\rest-assured\rest-assured-common\4.3.0\rest-assured-common-4.3.0.jar;C:\Users\Samuel\.m2\repository\io\rest-assured\xml-path\4.3.0\xml-path-4.3.0.jar;C:\Users\Samuel\.m2\repository\org\apache\commons\commons-lang3\3.9\commons-lang3-3.9.jar;C:\Users\Samuel\.m2\repository\jakarta\xml\bind\jakarta.xml.bind-api\2.3.2\jakarta.xml.bind-api-2.3.2.jar;C:\Users\Samuel\.m2\repository\jakarta\activation\jakarta.activation-api\1.2.1\jakarta.activation-api-1.2.1.jar;C:\Users\Samuel\.m2\repository\com\sun\xml\bind\jaxb-osgi\2.3.0.1\jaxb-osgi-2.3.0.1.jar;C:\Users\Samuel\.m2\repository\org\apache\sling\org.apache.sling.javax.activation\0.1.0\org.apache.sling.javax.activation-0.1.0.jar;C:\Users\Samuel\.m2\repository\javax\activation\activation\1.1.1\activation-1.1.1.jar;C:\Users\Samuel\.m2\repository\io\quarkus\quarkus-openshift\1.9.2.Final\quarkus-openshift-1.9.2.Final.jar;C:\Users\Samuel\.m2\repository\io\quarkus\quarkus-kubernetes-client-internal\1.9.2.Final\quarkus-kubernetes-client-internal-1.9.2.Final.jar;"/>
    <property name="sun.cpu.endian" value="little"/>
    <property name="user.home" value="C:\Users\Samuel"/>
    <property name="user.language" value="es"/>
    <property name="java.specification.vendor" value="Oracle Corporation"/>
    <property name="io.netty.allocator.maxOrder" value="1"/>
    <property name="java.version.date" value="2020-10-20"/>
    <property name="java.home" value="C:\Program Files\graalvm-ce-java11-20.3.0"/>
    <property name="file.separator" value="\"/>
    <property name="basedir" value="C:\Users\Samuel\Documents\Proyectos\risk-seekers-hackaton\quarkus\getting-started"/>
    <property name="java.vm.compressedOopsMode" value="Zero based"/>
    <property name="line.separator" value="&#10;"/>
    <property name="jdk.internal.vm.ci.enabled" value="true"/>
    <property name="java.specification.name" value="Java Platform API Specification"/>
    <property name="java.vm.specification.vendor" value="Oracle Corporation"/>
    <property name="java.awt.graphicsenv" value="sun.awt.Win32GraphicsEnvironment"/>
    <property name="surefire.real.class.path" value="C:\Users\Samuel\AppData\Local\Temp\surefire2353178465324866407\surefirebooter17039709533925345721.jar"/>
    <property name="user.script" value=""/>
    <property name="sun.management.compiler" value="HotSpot 64-Bit Tiered Compilers"/>
    <property name="java.runtime.version" value="11.0.9+10-jvmci-20.3-b06"/>
    <property name="user.name" value="Samuel"/>
    <property name="path.separator" value=";"/>
    <property name="os.version" value="10.0"/>
    <property name="java.runtime.name" value="OpenJDK Runtime Environment"/>
    <property name="file.encoding" value="Cp1252"/>
    <property name="sun.nio.ch.bugLevel" value=""/>
    <property name="java.vm.name" value="OpenJDK 64-Bit Server VM"/>
    <property name="java.vendor.version" value="GraalVM CE 20.3.0"/>
    <property name="io.netty.noJdkZlibDecoder" value="false"/>
    <property name="localRepository" value="C:\Users\Samuel\.m2\repository"/>
    <property name="java.vendor.url.bug" value="https://github.com/oracle/graal/issues"/>
    <property name="java.io.tmpdir" value="C:\Users\Samuel\AppData\Local\Temp\"/>
    <property name="quarkus.log.file.path" value="target\quarkus.log"/>
    <property name="java.version" value="11.0.9"/>
    <property name="user.dir" value="C:\Users\Samuel\Documents\Proyectos\risk-seekers-hackaton\quarkus\getting-started"/>
    <property name="os.arch" value="amd64"/>
    <property name="java.vm.specification.name" value="Java Virtual Machine Specification"/>
    <property name="vertx.disableDnsResolver" value="true"/>
    <property name="java.awt.printerjob" value="sun.awt.windows.WPrinterJob"/>
    <property name="sun.os.patch.level" value=""/>
    <property name="java.util.logging.manager" value="org.jboss.logmanager.LogManager"/>
    <property name="java.library.path" value="C:\Program Files\graalvm-ce-java11-20.3.0\bin;C:\Windows\Sun\Java\bin;C:\Windows\system32;C:\Windows;C:\Program Files\graalvm-ce-java11-20.3.0\bin;C:\Program Files\Common Files\Oracle\Java\javapath;C:\Windows\system32;C:\Windows;C:\Windows\System32\Wbem;C:\Windows\System32\WindowsPowerShell\v1.0\;C:\Windows\System32\OpenSSH\;C:\Program Files\NVIDIA Corporation\NVIDIA NvDLISR;C:\Program Files (x86)\NVIDIA Corporation\PhysX\Common;C:\Program Files\dotnet\;C:\Program Files\Java\jdk-15\bin;C:\Program Files\apache-maven-3.6.3\bin;C:\Users\Samuel\AppData\Local\Microsoft\WindowsApps;C:\Program Files\graalvm-ce-java11-20.3.0\bin;C:\Program Files\openshift-client-windows;C:\Program Files\source-to-image-v1.3.1-a5a77147-windows-amd64;C:\Program Files\Docker\Docker\resources\bin;C:\ProgramData\DockerDesktop\version-bin;C:\Program Files\Git\bin;;."/>
    <property name="java.vm.info" value="mixed mode, sharing"/>
    <property name="java.vendor" value="GraalVM Community"/>
    <property name="java.vm.version" value="11.0.9+10-jvmci-20.3-b06"/>
    <property name="sun.io.unicode.encoding" value="UnicodeLittle"/>
    <property name="io.netty.machineId" value="99:75:18:5e:ce:12:0d:b0"/>
    <property name="java.class.version" value="55.0"/>
  </properties>
  <testcase name="testHelloEndpoint" classname="org.acme.quickstart.GreetingResourceTest" time="0.788">
    <system-out><![CDATA[2020-11-25 17:57:43,129 INFO  [io.quarkus] (main) Quarkus 1.9.2.Final on JVM started in 1.306s. Listening on: http://0.0.0.0:8081
2020-11-25 17:57:43,130 INFO  [io.quarkus] (main) Profile test activated. 
2020-11-25 17:57:43,130 INFO  [io.quarkus] (main) Installed features: [cdi, kubernetes, resteasy]
]]></system-out>
  </testcase>
</testsuite>